==102663== Memcheck, a memory error detector
==102663== Copyright (C) 2002-2017, and GNU GPL'd, by Julian Seward et al.
==102663== Using Valgrind-3.18.1 and LibVEX; rerun with -h for copyright info
==102663== Command: ./build/zephyr/zephyr.exe --bt-dev=hci1
==102663== Parent PID: 102662
==102663== 
==102663== 
==102663== HEAP SUMMARY:
==102663==     in use at exit: 2,768 bytes in 7 blocks
==102663==   total heap usage: 18 allocs, 11 frees, 14,278 bytes allocated
==102663== 
==102663== LEAK SUMMARY:
==102663==    definitely lost: 0 bytes in 0 blocks
==102663==    indirectly lost: 0 bytes in 0 blocks
==102663==      possibly lost: 0 bytes in 0 blocks
==102663==    still reachable: 0 bytes in 0 blocks
==102663==         suppressed: 2,768 bytes in 7 blocks
==102663== 
==102663== For lists of detected and suppressed errors, rerun with: -s
==102663== ERROR SUMMARY: 0 errors from 0 contexts (suppressed: 4 from 4)
