==95865== Memcheck, a memory error detector
==95865== Copyright (C) 2002-2017, and GNU GPL'd, by Julian Seward et al.
==95865== Using Valgrind-3.18.1 and LibVEX; rerun with -h for copyright info
==95865== Command: ./build/zephyr/zephyr.exe --bt-dev=hci1
==95865== Parent PID: 95864
==95865== 
==95865== Thread 3:
==95865== Syscall param socketcall.bind(my_addr.rc_bdaddr) points to uninitialised byte(s)
==95865==    at 0x42924B2: bind (bind.c:32)
==95865==    by 0x8050743: user_chan_open (userchan.c:344)
==95865==    by 0x8050743: uc_open (userchan.c:388)
==95865==    by 0x804F432: bt_hci_open (bluetooth.h:127)
==95865==    by 0x804F432: bt_enable (hci_core.c:4360)
==95865==    by 0x8049AC9: _posix_zephyr_main (main.c:84)
==95865==    by 0x8051364: bg_thread_main (init.c:564)
==95865==    by 0x804A59A: z_thread_entry (thread_entry.c:48)
==95865==    by 0x804BAA6: posix_arch_thread_entry (thread.c:96)
==95865==    by 0x804BDD2: nct_thread_starter (nct.c:366)
==95865==    by 0x41F4C00: start_thread (pthread_create.c:442)
==95865==    by 0x428F309: clone (clone.S:107)
==95865==  Address 0x57a620c is on thread 3's stack
==95865==  in frame #1, created by uc_open (userchan.c:379)
==95865==  Uninitialised value was created by a stack allocation
==95865==    at 0x80506E6: uc_open (userchan.c:379)
==95865== 
==95865== Syscall param socketcall.bind(my_addr.rc_channel) points to uninitialised byte(s)
==95865==    at 0x42924B2: bind (bind.c:32)
==95865==    by 0x8050743: user_chan_open (userchan.c:344)
==95865==    by 0x8050743: uc_open (userchan.c:388)
==95865==    by 0x804F432: bt_hci_open (bluetooth.h:127)
==95865==    by 0x804F432: bt_enable (hci_core.c:4360)
==95865==    by 0x8049AC9: _posix_zephyr_main (main.c:84)
==95865==    by 0x8051364: bg_thread_main (init.c:564)
==95865==    by 0x804A59A: z_thread_entry (thread_entry.c:48)
==95865==    by 0x804BAA6: posix_arch_thread_entry (thread.c:96)
==95865==    by 0x804BDD2: nct_thread_starter (nct.c:366)
==95865==    by 0x41F4C00: start_thread (pthread_create.c:442)
==95865==    by 0x428F309: clone (clone.S:107)
==95865==  Address 0x57a620e is on thread 3's stack
==95865==  in frame #1, created by uc_open (userchan.c:379)
==95865==  Uninitialised value was created by a stack allocation
==95865==    at 0x80506E6: uc_open (userchan.c:379)
==95865== 
==95865== 
==95865== HEAP SUMMARY:
==95865==     in use at exit: 2,768 bytes in 7 blocks
==95865==   total heap usage: 18 allocs, 11 frees, 14,278 bytes allocated
==95865== 
==95865== LEAK SUMMARY:
==95865==    definitely lost: 0 bytes in 0 blocks
==95865==    indirectly lost: 0 bytes in 0 blocks
==95865==      possibly lost: 0 bytes in 0 blocks
==95865==    still reachable: 0 bytes in 0 blocks
==95865==         suppressed: 2,768 bytes in 7 blocks
==95865== 
==95865== For lists of detected and suppressed errors, rerun with: -s
==95865== ERROR SUMMARY: 2 errors from 2 contexts (suppressed: 4 from 4)
