==41243== Memcheck, a memory error detector
==41243== Copyright (C) 2002-2017, and GNU GPL'd, by Julian Seward et al.
==41243== Using Valgrind-3.18.1 and LibVEX; rerun with -h for copyright info
==41243== Command: ./build/zephyr/zephyr.exe --bt-dev=hci2
==41243== Parent PID: 41242
==41243== 
==41243== 
==41243== HEAP SUMMARY:
==41243==     in use at exit: 3,040 bytes in 9 blocks
==41243==   total heap usage: 21 allocs, 12 frees, 8,586 bytes allocated
==41243== 
==41243== LEAK SUMMARY:
==41243==    definitely lost: 0 bytes in 0 blocks
==41243==    indirectly lost: 0 bytes in 0 blocks
==41243==      possibly lost: 0 bytes in 0 blocks
==41243==    still reachable: 0 bytes in 0 blocks
==41243==         suppressed: 3,040 bytes in 9 blocks
==41243== 
==41243== For lists of detected and suppressed errors, rerun with: -s
==41243== ERROR SUMMARY: 0 errors from 0 contexts (suppressed: 6 from 6)
