==11909== Memcheck, a memory error detector
==11909== Copyright (C) 2002-2017, and GNU GPL'd, by Julian Seward et al.
==11909== Using Valgrind-3.18.1 and LibVEX; rerun with -h for copyright info
==11909== Command: ./build/zephyr/zephyr.exe --bt-dev=hci0
==11909== Parent PID: 11908
==11909== 
==11909== 
==11909== HEAP SUMMARY:
==11909==     in use at exit: 3,040 bytes in 9 blocks
==11909==   total heap usage: 21 allocs, 12 frees, 8,586 bytes allocated
==11909== 
==11909== LEAK SUMMARY:
==11909==    definitely lost: 0 bytes in 0 blocks
==11909==    indirectly lost: 0 bytes in 0 blocks
==11909==      possibly lost: 0 bytes in 0 blocks
==11909==    still reachable: 0 bytes in 0 blocks
==11909==         suppressed: 3,040 bytes in 9 blocks
==11909== 
==11909== For lists of detected and suppressed errors, rerun with: -s
==11909== ERROR SUMMARY: 0 errors from 0 contexts (suppressed: 6 from 6)
