==40968== Memcheck, a memory error detector
==40968== Copyright (C) 2002-2017, and GNU GPL'd, by Julian Seward et al.
==40968== Using Valgrind-3.18.1 and LibVEX; rerun with -h for copyright info
==40968== Command: ./build/zephyr/zephyr.exe --bt-dev=hci2
==40968== Parent PID: 40967
==40968== 
==40968== 
==40968== HEAP SUMMARY:
==40968==     in use at exit: 3,040 bytes in 9 blocks
==40968==   total heap usage: 19 allocs, 10 frees, 8,270 bytes allocated
==40968== 
==40968== LEAK SUMMARY:
==40968==    definitely lost: 0 bytes in 0 blocks
==40968==    indirectly lost: 0 bytes in 0 blocks
==40968==      possibly lost: 0 bytes in 0 blocks
==40968==    still reachable: 0 bytes in 0 blocks
==40968==         suppressed: 3,040 bytes in 9 blocks
==40968== 
==40968== For lists of detected and suppressed errors, rerun with: -s
==40968== ERROR SUMMARY: 0 errors from 0 contexts (suppressed: 6 from 6)
