==28632== Memcheck, a memory error detector
==28632== Copyright (C) 2002-2017, and GNU GPL'd, by Julian Seward et al.
==28632== Using Valgrind-3.18.1 and LibVEX; rerun with -h for copyright info
==28632== Command: ./advertiser.exe -s=extended_adv_valgrind_test -d=0
==28632== Parent PID: 28631
==28632== 
==28632== 
==28632== Process terminating with default action of signal 1 (SIGHUP)
==28632==    at 0x4283336: __libc_do_syscall (libc-do-syscall.S:42)
==28632==    by 0x41F0E80: __futex_abstimed_wait_common32 (futex-internal.c:40)
==28632==    by 0x41F0E80: __futex_abstimed_wait_common (futex-internal.c:99)
==28632==    by 0x41F4078: __pthread_cond_wait_common (pthread_cond_wait.c:503)
==28632==    by 0x41F4078: pthread_cond_wait@@GLIBC_2.3.2 (pthread_cond_wait.c:627)
==28632==    by 0x8091BF8: change_cpu_state_and_wait (nce.c:158)
==28632==    by 0x8091DB9: nce_halt_cpu (nce.c:239)
==28632==    by 0x8051CA8: posix_halt_cpu (soc.c:89)
==28632==    by 0x8050114: arch_cpu_idle (cpuhalt.c:40)
==28632==    by 0x80879A1: k_cpu_idle (kernel.h:6071)
==28632==    by 0x8087A09: idle (idle.c:74)
==28632==    by 0x804C7F5: z_thread_entry (thread_entry.c:48)
==28632==    by 0x8050308: posix_arch_thread_entry (thread.c:96)
==28632==    by 0x8092179: nct_thread_starter (nct.c:366)
==28632== 
==28632== HEAP SUMMARY:
==28632==     in use at exit: 540,374 bytes in 59 blocks
==28632==   total heap usage: 74 allocs, 15 frees, 562,786 bytes allocated
==28632== 
==28632== 24 bytes in 5 blocks are still reachable in loss record 1 of 36
==28632==    at 0x4048354: calloc (in /usr/libexec/valgrind/vgpreload_memcheck-x86-linux.so)
==28632==    by 0x80AAAE0: bs_calloc (bs_oswrap.c:115)
==28632==    by 0x809CF2A: nhw_timer_init (NHW_TIMER.c:103)
==28632==    by 0x8092D77: nsi_run_tasks (nsi_tasks.c:39)
==28632==    by 0x80919C7: nsi_init (main.c:82)
==28632==    by 0x8091A11: main (main.c:119)
==28632== 
==28632== 28 bytes in 1 blocks are still reachable in loss record 2 of 36
==28632==    at 0x40436A0: malloc (in /usr/libexec/valgrind/vgpreload_memcheck-x86-linux.so)
==28632==    by 0x4002C07: malloc (rtld-malloc.h:56)
==28632==    by 0x4002C07: _dl_map_object_deps (dl-deps.c:479)
==28632==    by 0x400C911: dl_open_worker_begin (dl-open.c:592)
==28632==    by 0x42DC54A: _dl_catch_exception (dl-error-skeleton.c:208)
==28632==    by 0x400C05F: dl_open_worker (dl-open.c:782)
==28632==    by 0x42DC54A: _dl_catch_exception (dl-error-skeleton.c:208)
==28632==    by 0x400C464: _dl_open (dl-open.c:883)
==28632==    by 0x42DC94F: do_dlopen (dl-libc.c:95)
==28632==    by 0x42DC54A: _dl_catch_exception (dl-error-skeleton.c:208)
==28632==    by 0x42DC623: _dl_catch_error (dl-error-skeleton.c:227)
==28632==    by 0x4019BDB: _rtld_catch_error (dl-error-skeleton.c:260)
==28632==    by 0x42DC8B0: dlerror_run (dl-libc.c:45)
==28632== 
==28632== 34 bytes in 1 blocks are still reachable in loss record 3 of 36
==28632==    at 0x40436A0: malloc (in /usr/libexec/valgrind/vgpreload_memcheck-x86-linux.so)
==28632==    by 0x402426A: malloc (rtld-malloc.h:56)
==28632==    by 0x402426A: strdup (strdup.c:42)
==28632==    by 0x40142B1: _dl_load_cache_lookup (dl-cache.c:527)
==28632==    by 0x4008B6C: _dl_map_object (dl-load.c:2193)
==28632==    by 0x400C8A5: dl_open_worker_begin (dl-open.c:534)
==28632==    by 0x42DC54A: _dl_catch_exception (dl-error-skeleton.c:208)
==28632==    by 0x400C05F: dl_open_worker (dl-open.c:782)
==28632==    by 0x42DC54A: _dl_catch_exception (dl-error-skeleton.c:208)
==28632==    by 0x400C464: _dl_open (dl-open.c:883)
==28632==    by 0x42DC94F: do_dlopen (dl-libc.c:95)
==28632==    by 0x42DC54A: _dl_catch_exception (dl-error-skeleton.c:208)
==28632==    by 0x42DC623: _dl_catch_error (dl-error-skeleton.c:227)
==28632== 
==28632== 34 bytes in 1 blocks are still reachable in loss record 4 of 36
==28632==    at 0x40436A0: malloc (in /usr/libexec/valgrind/vgpreload_memcheck-x86-linux.so)
==28632==    by 0x400BDED: malloc (rtld-malloc.h:56)
==28632==    by 0x400BDED: _dl_new_object (dl-object.c:199)
==28632==    by 0x4006F38: _dl_map_object_from_fd (dl-load.c:1063)
==28632==    by 0x4008A29: _dl_map_object (dl-load.c:2327)
==28632==    by 0x400C8A5: dl_open_worker_begin (dl-open.c:534)
==28632==    by 0x42DC54A: _dl_catch_exception (dl-error-skeleton.c:208)
==28632==    by 0x400C05F: dl_open_worker (dl-open.c:782)
==28632==    by 0x42DC54A: _dl_catch_exception (dl-error-skeleton.c:208)
==28632==    by 0x400C464: _dl_open (dl-open.c:883)
==28632==    by 0x42DC94F: do_dlopen (dl-libc.c:95)
==28632==    by 0x42DC54A: _dl_catch_exception (dl-error-skeleton.c:208)
==28632==    by 0x42DC623: _dl_catch_error (dl-error-skeleton.c:227)
==28632== 
==28632== 40 bytes in 1 blocks are still reachable in loss record 5 of 36
==28632==    at 0x4048354: calloc (in /usr/libexec/valgrind/vgpreload_memcheck-x86-linux.so)
==28632==    by 0x80AAAE0: bs_calloc (bs_oswrap.c:115)
==28632==    by 0x80AC759: pb_create_com_folder (bs_pc_base.c:105)
==28632==    by 0x80AD6FF: pb_dev_init_com (bs_pc_base.c:488)
==28632==    by 0x80AF39B: p2G4_dev_initCom_s_nc (bs_pc_2G4_stateless_wo_callbacks.c:13)
==28632==    by 0x80AE007: p2G4_dev_initcom_nc (bs_pc_2G4.c:68)
==28632==    by 0x80A688B: hwll_connect_to_phy (NRF_HWLowL.c:108)
==28632==    by 0x80A8C92: phy_sync_ctrl_connect_to_2G4_phy (phy_sync_ctrl.c:225)
==28632==    by 0x80B1C55: nsif_cpu0_pre_hw_init_hooks (in /home/aleksandar/bsim/bin/advertiser.exe)
==28632==    by 0x8092710: nsif_cpun_pre_hw_init_hooks (nsi_cpun_if.c:15)
==28632==    by 0x80919B0: nsi_init (main.c:79)
==28632==    by 0x8091A11: main (main.c:119)
==28632== 
==28632== 56 bytes in 2 blocks are still reachable in loss record 6 of 36
==28632==    at 0x40436A0: malloc (in /usr/libexec/valgrind/vgpreload_memcheck-x86-linux.so)
==28632==    by 0x42BF9DB: __nss_action_allocate (nss_action.c:90)
==28632==    by 0x42BFEAC: __nss_action_parse (nss_action_parse.c:177)
==28632==    by 0x42C0641: nss_database_select_default (nss_database.c:166)
==28632==    by 0x42C0641: nss_database_reload (nss_database.c:368)
==28632==    by 0x42C0641: nss_database_check_reload_and_get (nss_database.c:448)
==28632==    by 0x42BE4C7: __nss_passwd_lookup2 (XXX-lookup.c:52)
==28632==    by 0x424B073: getpwuid_r@@GLIBC_2.1.2 (getXXbyYY_r.c:264)
==28632==    by 0x424A93E: getpwuid (getXXbyYY.c:135)
==28632==    by 0x80AC5D7: pb_create_com_folder (bs_pc_base.c:74)
==28632==    by 0x80AD6FF: pb_dev_init_com (bs_pc_base.c:488)
==28632==    by 0x80AF39B: p2G4_dev_initCom_s_nc (bs_pc_2G4_stateless_wo_callbacks.c:13)
==28632==    by 0x80AE007: p2G4_dev_initcom_nc (bs_pc_2G4.c:68)
==28632==    by 0x80A688B: hwll_connect_to_phy (NRF_HWLowL.c:108)
==28632== 
==28632== 63 bytes in 1 blocks are still reachable in loss record 7 of 36
==28632==    at 0x4048354: calloc (in /usr/libexec/valgrind/vgpreload_memcheck-x86-linux.so)
==28632==    by 0x80AAAE0: bs_calloc (bs_oswrap.c:115)
==28632==    by 0x80ACCAB: pb_device_test_and_create_lock_file (bs_pc_base.c:254)
==28632==    by 0x80AD71B: pb_dev_init_com (bs_pc_base.c:490)
==28632==    by 0x80AF39B: p2G4_dev_initCom_s_nc (bs_pc_2G4_stateless_wo_callbacks.c:13)
==28632==    by 0x80AE007: p2G4_dev_initcom_nc (bs_pc_2G4.c:68)
==28632==    by 0x80A688B: hwll_connect_to_phy (NRF_HWLowL.c:108)
==28632==    by 0x80A8C92: phy_sync_ctrl_connect_to_2G4_phy (phy_sync_ctrl.c:225)
==28632==    by 0x80B1C55: nsif_cpu0_pre_hw_init_hooks (in /home/aleksandar/bsim/bin/advertiser.exe)
==28632==    by 0x8092710: nsif_cpun_pre_hw_init_hooks (nsi_cpun_if.c:15)
==28632==    by 0x80919B0: nsi_init (main.c:79)
==28632==    by 0x8091A11: main (main.c:119)
==28632== 
==28632== 73 bytes in 1 blocks are still reachable in loss record 8 of 36
==28632==    at 0x4048354: calloc (in /usr/libexec/valgrind/vgpreload_memcheck-x86-linux.so)
==28632==    by 0x80AAAE0: bs_calloc (bs_oswrap.c:115)
==28632==    by 0x80AD78D: pb_dev_init_com (bs_pc_base.c:495)
==28632==    by 0x80AF39B: p2G4_dev_initCom_s_nc (bs_pc_2G4_stateless_wo_callbacks.c:13)
==28632==    by 0x80AE007: p2G4_dev_initcom_nc (bs_pc_2G4.c:68)
==28632==    by 0x80A688B: hwll_connect_to_phy (NRF_HWLowL.c:108)
==28632==    by 0x80A8C92: phy_sync_ctrl_connect_to_2G4_phy (phy_sync_ctrl.c:225)
==28632==    by 0x80B1C55: nsif_cpu0_pre_hw_init_hooks (in /home/aleksandar/bsim/bin/advertiser.exe)
==28632==    by 0x8092710: nsif_cpun_pre_hw_init_hooks (nsi_cpun_if.c:15)
==28632==    by 0x80919B0: nsi_init (main.c:79)
==28632==    by 0x8091A11: main (main.c:119)
==28632== 
==28632== 73 bytes in 1 blocks are still reachable in loss record 9 of 36
==28632==    at 0x4048354: calloc (in /usr/libexec/valgrind/vgpreload_memcheck-x86-linux.so)
==28632==    by 0x80AAAE0: bs_calloc (bs_oswrap.c:115)
==28632==    by 0x80AD7A4: pb_dev_init_com (bs_pc_base.c:496)
==28632==    by 0x80AF39B: p2G4_dev_initCom_s_nc (bs_pc_2G4_stateless_wo_callbacks.c:13)
==28632==    by 0x80AE007: p2G4_dev_initcom_nc (bs_pc_2G4.c:68)
==28632==    by 0x80A688B: hwll_connect_to_phy (NRF_HWLowL.c:108)
==28632==    by 0x80A8C92: phy_sync_ctrl_connect_to_2G4_phy (phy_sync_ctrl.c:225)
==28632==    by 0x80B1C55: nsif_cpu0_pre_hw_init_hooks (in /home/aleksandar/bsim/bin/advertiser.exe)
==28632==    by 0x8092710: nsif_cpun_pre_hw_init_hooks (nsi_cpun_if.c:15)
==28632==    by 0x80919B0: nsi_init (main.c:79)
==28632==    by 0x8091A11: main (main.c:119)
==28632== 
==28632== 88 bytes in 3 blocks are still reachable in loss record 11 of 36
==28632==    at 0x40436A0: malloc (in /usr/libexec/valgrind/vgpreload_memcheck-x86-linux.so)
==28632==    by 0x80AAA19: bs_malloc (bs_oswrap.c:92)
==28632==    by 0x809B91E: nhw_rtc_init (NHW_RTC.c:171)
==28632==    by 0x8092D77: nsi_run_tasks (nsi_tasks.c:39)
==28632==    by 0x80919C7: nsi_init (main.c:82)
==28632==    by 0x8091A11: main (main.c:119)
==28632== 
==28632== 128 bytes in 1 blocks are still reachable in loss record 13 of 36
==28632==    at 0x40436A0: malloc (in /usr/libexec/valgrind/vgpreload_memcheck-x86-linux.so)
==28632==    by 0x80AAA19: bs_malloc (bs_oswrap.c:92)
==28632==    by 0x8095E23: nhw_nvmc_uicr_init (NHW_NVMC.c:167)
==28632==    by 0x8092D77: nsi_run_tasks (nsi_tasks.c:39)
==28632==    by 0x80919C7: nsi_init (main.c:82)
==28632==    by 0x8091A11: main (main.c:119)
==28632== 
==28632== 144 bytes in 1 blocks are still reachable in loss record 20 of 36
==28632==    at 0x40436A0: malloc (in /usr/libexec/valgrind/vgpreload_memcheck-x86-linux.so)
==28632==    by 0x42C013D: global_state_allocate (nss_database.c:54)
==28632==    by 0x428E9FD: __libc_allocate_once_slow (allocate_once.c:28)
==28632==    by 0x42C09BA: allocate_once (allocate_once.h:87)
==28632==    by 0x42C09BA: nss_database_state_get (nss_database.c:73)
==28632==    by 0x42C09BA: __nss_database_get (nss_database.c:471)
==28632==    by 0x42BE4C7: __nss_passwd_lookup2 (XXX-lookup.c:52)
==28632==    by 0x424B073: getpwuid_r@@GLIBC_2.1.2 (getXXbyYY_r.c:264)
==28632==    by 0x424A93E: getpwuid (getXXbyYY.c:135)
==28632==    by 0x80AC5D7: pb_create_com_folder (bs_pc_base.c:74)
==28632==    by 0x80AD6FF: pb_dev_init_com (bs_pc_base.c:488)
==28632==    by 0x80AF39B: p2G4_dev_initCom_s_nc (bs_pc_2G4_stateless_wo_callbacks.c:13)
==28632==    by 0x80AE007: p2G4_dev_initcom_nc (bs_pc_2G4.c:68)
==28632==    by 0x80A688B: hwll_connect_to_phy (NRF_HWLowL.c:108)
==28632== 
==28632== 192 bytes in 5 blocks are still reachable in loss record 21 of 36
==28632==    at 0x40436A0: malloc (in /usr/libexec/valgrind/vgpreload_memcheck-x86-linux.so)
==28632==    by 0x80AAA19: bs_malloc (bs_oswrap.c:92)
==28632==    by 0x809CF0F: nhw_timer_init (NHW_TIMER.c:102)
==28632==    by 0x8092D77: nsi_run_tasks (nsi_tasks.c:39)
==28632==    by 0x80919C7: nsi_init (main.c:82)
==28632==    by 0x8091A11: main (main.c:119)
==28632== 
==28632== 240 bytes in 7 blocks are still reachable in loss record 22 of 36
==28632==    at 0x40436A0: malloc (in /usr/libexec/valgrind/vgpreload_memcheck-x86-linux.so)
==28632==    by 0x42BF9DB: __nss_action_allocate (nss_action.c:90)
==28632==    by 0x42BFEAC: __nss_action_parse (nss_action_parse.c:177)
==28632==    by 0x42C04CD: process_line (nss_database.c:232)
==28632==    by 0x42C04CD: nss_database_reload_1 (nss_database.c:294)
==28632==    by 0x42C04CD: nss_database_reload (nss_database.c:332)
==28632==    by 0x42C04CD: nss_database_check_reload_and_get (nss_database.c:448)
==28632==    by 0x42BE4C7: __nss_passwd_lookup2 (XXX-lookup.c:52)
==28632==    by 0x424B073: getpwuid_r@@GLIBC_2.1.2 (getXXbyYY_r.c:264)
==28632==    by 0x424A93E: getpwuid (getXXbyYY.c:135)
==28632==    by 0x80AC5D7: pb_create_com_folder (bs_pc_base.c:74)
==28632==    by 0x80AD6FF: pb_dev_init_com (bs_pc_base.c:488)
==28632==    by 0x80AF39B: p2G4_dev_initCom_s_nc (bs_pc_2G4_stateless_wo_callbacks.c:13)
==28632==    by 0x80AE007: p2G4_dev_initcom_nc (bs_pc_2G4.c:68)
==28632==    by 0x80A688B: hwll_connect_to_phy (NRF_HWLowL.c:108)
==28632== 
==28632== 256 bytes in 1 blocks are still reachable in loss record 23 of 36
==28632==    at 0x4048354: calloc (in /usr/libexec/valgrind/vgpreload_memcheck-x86-linux.so)
==28632==    by 0x80AAAE0: bs_calloc (bs_oswrap.c:115)
==28632==    by 0x80A6C3C: nrf_ppi_init (NRF_PPI.c:678)
==28632==    by 0x8092D77: nsi_run_tasks (nsi_tasks.c:39)
==28632==    by 0x80919C7: nsi_init (main.c:82)
==28632==    by 0x8091A11: main (main.c:119)
==28632== 
==28632== 276 bytes in 1 blocks are still reachable in loss record 24 of 36
==28632==    at 0x40436A0: malloc (in /usr/libexec/valgrind/vgpreload_memcheck-x86-linux.so)
==28632==    by 0x42BF3A2: __nss_module_allocate (nss_module.c:88)
==28632==    by 0x42BFBA6: nss_action_parse (nss_action_parse.c:57)
==28632==    by 0x42BFBA6: __nss_action_parse (nss_action_parse.c:169)
==28632==    by 0x42C0641: nss_database_select_default (nss_database.c:166)
==28632==    by 0x42C0641: nss_database_reload (nss_database.c:368)
==28632==    by 0x42C0641: nss_database_check_reload_and_get (nss_database.c:448)
==28632==    by 0x42BE4C7: __nss_passwd_lookup2 (XXX-lookup.c:52)
==28632==    by 0x424B073: getpwuid_r@@GLIBC_2.1.2 (getXXbyYY_r.c:264)
==28632==    by 0x424A93E: getpwuid (getXXbyYY.c:135)
==28632==    by 0x80AC5D7: pb_create_com_folder (bs_pc_base.c:74)
==28632==    by 0x80AD6FF: pb_dev_init_com (bs_pc_base.c:488)
==28632==    by 0x80AF39B: p2G4_dev_initCom_s_nc (bs_pc_2G4_stateless_wo_callbacks.c:13)
==28632==    by 0x80AE007: p2G4_dev_initcom_nc (bs_pc_2G4.c:68)
==28632==    by 0x80A688B: hwll_connect_to_phy (NRF_HWLowL.c:108)
==28632== 
==28632== 336 bytes in 1 blocks are still reachable in loss record 25 of 36
==28632==    at 0x4048354: calloc (in /usr/libexec/valgrind/vgpreload_memcheck-x86-linux.so)
==28632==    by 0x401365B: calloc (rtld-malloc.h:44)
==28632==    by 0x401365B: _dl_check_map_versions (dl-version.c:273)
==28632==    by 0x400C958: dl_open_worker_begin (dl-open.c:600)
==28632==    by 0x42DC54A: _dl_catch_exception (dl-error-skeleton.c:208)
==28632==    by 0x400C05F: dl_open_worker (dl-open.c:782)
==28632==    by 0x42DC54A: _dl_catch_exception (dl-error-skeleton.c:208)
==28632==    by 0x400C464: _dl_open (dl-open.c:883)
==28632==    by 0x42DC94F: do_dlopen (dl-libc.c:95)
==28632==    by 0x42DC54A: _dl_catch_exception (dl-error-skeleton.c:208)
==28632==    by 0x42DC623: _dl_catch_error (dl-error-skeleton.c:227)
==28632==    by 0x4019BDB: _rtld_catch_error (dl-error-skeleton.c:260)
==28632==    by 0x42DC8B0: dlerror_run (dl-libc.c:45)
==28632== 
==28632== 654 bytes in 1 blocks are still reachable in loss record 26 of 36
==28632==    at 0x4048354: calloc (in /usr/libexec/valgrind/vgpreload_memcheck-x86-linux.so)
==28632==    by 0x400BAFA: calloc (rtld-malloc.h:44)
==28632==    by 0x400BAFA: _dl_new_object (dl-object.c:92)
==28632==    by 0x4006F38: _dl_map_object_from_fd (dl-load.c:1063)
==28632==    by 0x4008A29: _dl_map_object (dl-load.c:2327)
==28632==    by 0x400C8A5: dl_open_worker_begin (dl-open.c:534)
==28632==    by 0x42DC54A: _dl_catch_exception (dl-error-skeleton.c:208)
==28632==    by 0x400C05F: dl_open_worker (dl-open.c:782)
==28632==    by 0x42DC54A: _dl_catch_exception (dl-error-skeleton.c:208)
==28632==    by 0x400C464: _dl_open (dl-open.c:883)
==28632==    by 0x42DC94F: do_dlopen (dl-libc.c:95)
==28632==    by 0x42DC54A: _dl_catch_exception (dl-error-skeleton.c:208)
==28632==    by 0x42DC623: _dl_catch_error (dl-error-skeleton.c:227)
==28632== 
==28632== 776 bytes in 1 blocks are still reachable in loss record 27 of 36
==28632==    at 0x40436A0: malloc (in /usr/libexec/valgrind/vgpreload_memcheck-x86-linux.so)
==28632==    by 0x80AAA19: bs_malloc (bs_oswrap.c:92)
==28632==    by 0x8096308: nhw_nvm_initialize_data_storage (NHW_NVM_backend.c:38)
==28632==    by 0x8096577: nhw_nvm_init_storage (NHW_NVM_backend.c:83)
==28632==    by 0x8095DE7: nhw_nvmc_uicr_init (NHW_NVMC.c:161)
==28632==    by 0x8092D77: nsi_run_tasks (nsi_tasks.c:39)
==28632==    by 0x80919C7: nsi_init (main.c:82)
==28632==    by 0x8091A11: main (main.c:119)
==28632== 
==28632== 1,024 bytes in 1 blocks are still reachable in loss record 28 of 36
==28632==    at 0x40436A0: malloc (in /usr/libexec/valgrind/vgpreload_memcheck-x86-linux.so)
==28632==    by 0x424A9D3: getpwuid (getXXbyYY.c:121)
==28632==    by 0x80AC5D7: pb_create_com_folder (bs_pc_base.c:74)
==28632==    by 0x80AD6FF: pb_dev_init_com (bs_pc_base.c:488)
==28632==    by 0x80AF39B: p2G4_dev_initCom_s_nc (bs_pc_2G4_stateless_wo_callbacks.c:13)
==28632==    by 0x80AE007: p2G4_dev_initcom_nc (bs_pc_2G4.c:68)
==28632==    by 0x80A688B: hwll_connect_to_phy (NRF_HWLowL.c:108)
==28632==    by 0x80A8C92: phy_sync_ctrl_connect_to_2G4_phy (phy_sync_ctrl.c:225)
==28632==    by 0x80B1C55: nsif_cpu0_pre_hw_init_hooks (in /home/aleksandar/bsim/bin/advertiser.exe)
==28632==    by 0x8092710: nsif_cpun_pre_hw_init_hooks (nsi_cpun_if.c:15)
==28632==    by 0x80919B0: nsi_init (main.c:79)
==28632==    by 0x8091A11: main (main.c:119)
==28632== 
==28632== 1,024 bytes in 1 blocks are still reachable in loss record 29 of 36
==28632==    at 0x40436A0: malloc (in /usr/libexec/valgrind/vgpreload_memcheck-x86-linux.so)
==28632==    by 0x41DEE2A: _IO_file_doallocate (filedoalloc.c:101)
==28632==    by 0x41ED984: _IO_doallocbuf (genops.c:347)
==28632==    by 0x41ED984: _IO_doallocbuf (genops.c:342)
==28632==    by 0x41ECB98: _IO_file_overflow@@GLIBC_2.1 (fileops.c:744)
==28632==    by 0x41EBBBF: _IO_new_file_xsputn (fileops.c:1243)
==28632==    by 0x41EBBBF: _IO_file_xsputn@@GLIBC_2.1 (fileops.c:1196)
==28632==    by 0x41D8193: outstring_func (vfprintf-internal.c:239)
==28632==    by 0x41D8193: __vfprintf_internal (vfprintf-internal.c:1517)
==28632==    by 0x41C5A8A: fprintf (fprintf.c:32)
==28632==    by 0x80AB946: bs_trace_vprint (bs_tracing.c:174)
==28632==    by 0x80ABAB7: bs_trace_print (bs_tracing.c:207)
==28632==    by 0x80AC9BC: pb_test_and_create_lock_file (bs_pc_base.c:173)
==28632==    by 0x80ACCEB: pb_device_test_and_create_lock_file (bs_pc_base.c:257)
==28632==    by 0x80AD71B: pb_dev_init_com (bs_pc_base.c:490)
==28632== 
==28632== 1,024 bytes in 1 blocks are still reachable in loss record 30 of 36
==28632==    at 0x4048354: calloc (in /usr/libexec/valgrind/vgpreload_memcheck-x86-linux.so)
==28632==    by 0x80AAAE0: bs_calloc (bs_oswrap.c:115)
==28632==    by 0x8095E0B: nhw_nvmc_uicr_init (NHW_NVMC.c:166)
==28632==    by 0x8092D77: nsi_run_tasks (nsi_tasks.c:39)
==28632==    by 0x80919C7: nsi_init (main.c:82)
==28632==    by 0x8091A11: main (main.c:119)
==28632== 
==28632== 1,024 bytes in 1 blocks are still reachable in loss record 31 of 36
==28632==    at 0x40436A0: malloc (in /usr/libexec/valgrind/vgpreload_memcheck-x86-linux.so)
==28632==    by 0x41DEE2A: _IO_file_doallocate (filedoalloc.c:101)
==28632==    by 0x41ED984: _IO_doallocbuf (genops.c:347)
==28632==    by 0x41ED984: _IO_doallocbuf (genops.c:342)
==28632==    by 0x41ECB98: _IO_file_overflow@@GLIBC_2.1 (fileops.c:744)
==28632==    by 0x41EBBBF: _IO_new_file_xsputn (fileops.c:1243)
==28632==    by 0x41EBBBF: _IO_file_xsputn@@GLIBC_2.1 (fileops.c:1196)
==28632==    by 0x41D8193: outstring_func (vfprintf-internal.c:239)
==28632==    by 0x41D8193: __vfprintf_internal (vfprintf-internal.c:1517)
==28632==    by 0x41C5A8A: fprintf (fprintf.c:32)
==28632==    by 0x80AB946: bs_trace_vprint (bs_tracing.c:174)
==28632==    by 0x80527F5: posix_print_trace (trace_hook.c:66)
==28632==    by 0x808143B: print_char (posix_arch_console.c:33)
==28632==    by 0x804C4E1: char_out (printk.c:98)
==28632==    by 0x804D0E3: z_cbvprintf_impl (cbprintf_complete.c:1409)
==28632== 
==28632== 1,532 bytes in 1 blocks are possibly lost in loss record 32 of 36
==28632==    at 0x40436A0: malloc (in /usr/libexec/valgrind/vgpreload_memcheck-x86-linux.so)
==28632==    by 0x40047D9: malloc (rtld-malloc.h:56)
==28632==    by 0x40047D9: _dlfo_mappings_segment_allocate (dl-find_object.c:217)
==28632==    by 0x40047D9: _dl_find_object_update_1 (dl-find_object.c:671)
==28632==    by 0x40047D9: _dl_find_object_update (dl-find_object.c:804)
==28632==    by 0x400CBF0: dl_open_worker_begin (dl-open.c:735)
==28632==    by 0x42DC54A: _dl_catch_exception (dl-error-skeleton.c:208)
==28632==    by 0x400C05F: dl_open_worker (dl-open.c:782)
==28632==    by 0x42DC54A: _dl_catch_exception (dl-error-skeleton.c:208)
==28632==    by 0x400C464: _dl_open (dl-open.c:883)
==28632==    by 0x42DC94F: do_dlopen (dl-libc.c:95)
==28632==    by 0x42DC54A: _dl_catch_exception (dl-error-skeleton.c:208)
==28632==    by 0x42DC623: _dl_catch_error (dl-error-skeleton.c:227)
==28632==    by 0x4019BDB: _rtld_catch_error (dl-error-skeleton.c:260)
==28632==    by 0x42DC8B0: dlerror_run (dl-libc.c:45)
==28632== 
==28632== 1,919 bytes in 7 blocks are still reachable in loss record 34 of 36
==28632==    at 0x40436A0: malloc (in /usr/libexec/valgrind/vgpreload_memcheck-x86-linux.so)
==28632==    by 0x42BF3A2: __nss_module_allocate (nss_module.c:88)
==28632==    by 0x42BFBA6: nss_action_parse (nss_action_parse.c:57)
==28632==    by 0x42BFBA6: __nss_action_parse (nss_action_parse.c:169)
==28632==    by 0x42C04CD: process_line (nss_database.c:232)
==28632==    by 0x42C04CD: nss_database_reload_1 (nss_database.c:294)
==28632==    by 0x42C04CD: nss_database_reload (nss_database.c:332)
==28632==    by 0x42C04CD: nss_database_check_reload_and_get (nss_database.c:448)
==28632==    by 0x42BE4C7: __nss_passwd_lookup2 (XXX-lookup.c:52)
==28632==    by 0x424B073: getpwuid_r@@GLIBC_2.1.2 (getXXbyYY_r.c:264)
==28632==    by 0x424A93E: getpwuid (getXXbyYY.c:135)
==28632==    by 0x80AC5D7: pb_create_com_folder (bs_pc_base.c:74)
==28632==    by 0x80AD6FF: pb_dev_init_com (bs_pc_base.c:488)
==28632==    by 0x80AF39B: p2G4_dev_initCom_s_nc (bs_pc_2G4_stateless_wo_callbacks.c:13)
==28632==    by 0x80AE007: p2G4_dev_initcom_nc (bs_pc_2G4.c:68)
==28632==    by 0x80A688B: hwll_connect_to_phy (NRF_HWLowL.c:108)
==28632== 
==28632== 2,240 bytes in 1 blocks are still reachable in loss record 35 of 36
==28632==    at 0x40485AB: realloc (in /usr/libexec/valgrind/vgpreload_memcheck-x86-linux.so)
==28632==    by 0x80AA7BF: bs_add_dynargs (bs_dynargs.c:48)
==28632==    by 0x80A8548: bs_add_extra_dynargs (bsim_args_runner.c:153)
==28632==    by 0x80A3F38: nhw_upty_backend_register_cmdline (NHW_UART_backend_pty.c:280)
==28632==    by 0x8092D77: nsi_run_tasks (nsi_tasks.c:39)
==28632==    by 0x809195A: nsi_init (main.c:70)
==28632==    by 0x8091A11: main (main.c:119)
==28632== 
==28632== 524,288 bytes in 1 blocks are still reachable in loss record 36 of 36
==28632==    at 0x40436A0: malloc (in /usr/libexec/valgrind/vgpreload_memcheck-x86-linux.so)
==28632==    by 0x80AAA19: bs_malloc (bs_oswrap.c:92)
==28632==    by 0x8096308: nhw_nvm_initialize_data_storage (NHW_NVM_backend.c:38)
==28632==    by 0x8096577: nhw_nvm_init_storage (NHW_NVM_backend.c:83)
==28632==    by 0x8095DB2: nhw_nvmc_uicr_init (NHW_NVMC.c:157)
==28632==    by 0x8092D77: nsi_run_tasks (nsi_tasks.c:39)
==28632==    by 0x80919C7: nsi_init (main.c:82)
==28632==    by 0x8091A11: main (main.c:119)
==28632== 
==28632== LEAK SUMMARY:
==28632==    definitely lost: 0 bytes in 0 blocks
==28632==    indirectly lost: 0 bytes in 0 blocks
==28632==      possibly lost: 1,532 bytes in 1 blocks
==28632==    still reachable: 536,058 bytes in 49 blocks
==28632==         suppressed: 2,784 bytes in 9 blocks
==28632== 
==28632== For lists of detected and suppressed errors, rerun with: -s
==28632== ERROR SUMMARY: 1 errors from 1 contexts (suppressed: 6 from 6)
