==41139== Memcheck, a memory error detector
==41139== Copyright (C) 2002-2017, and GNU GPL'd, by Julian Seward et al.
==41139== Using Valgrind-3.18.1 and LibVEX; rerun with -h for copyright info
==41139== Command: ./advertiser.exe -s=extended_adv_valgrind_test -d=0
==41139== Parent PID: 41138
==41139== 
==41139== 
==41139== HEAP SUMMARY:
==41139==     in use at exit: 2,784 bytes in 9 blocks
==41139==   total heap usage: 71 allocs, 62 frees, 557,362 bytes allocated
==41139== 
==41139== LEAK SUMMARY:
==41139==    definitely lost: 0 bytes in 0 blocks
==41139==    indirectly lost: 0 bytes in 0 blocks
==41139==      possibly lost: 0 bytes in 0 blocks
==41139==    still reachable: 0 bytes in 0 blocks
==41139==         suppressed: 2,784 bytes in 9 blocks
==41139== 
==41139== For lists of detected and suppressed errors, rerun with: -s
==41139== ERROR SUMMARY: 0 errors from 0 contexts (suppressed: 6 from 6)
